#
# There is insufficient memory for the Java Runtime Environment to continue.
# Native memory allocation (malloc) failed to allocate 1348272 bytes for Chunk::new
# Possible reasons:
#   The system is out of physical RAM or swap space
#   In 32 bit mode, the process size limit was hit
# Possible solutions:
#   Reduce memory load on the system
#   Increase physical memory or swap space
#   Check if swap backing store is full
#   Use 64 bit Java on a 64 bit OS
#   Decrease Java heap size (-Xmx/-Xms)
#   Decrease number of Java threads
#   Decrease Java thread stack sizes (-Xss)
#   Set larger code cache with -XX:ReservedCodeCacheSize=
# This output file may be truncated or incomplete.
#
#  Out of Memory Error (allocation.cpp:390), pid=3152, tid=0x0000000000000e18
#
# JRE version: OpenJDK Runtime Environment (8.0_152-b06) (build 1.8.0_152-release-1136-b06)
# Java VM: OpenJDK 64-Bit Server VM (25.152-b06 mixed mode windows-amd64 compressed oops)
# Failed to write core dump. Minidumps are not enabled by default on client versions of Windows
#

---------------  T H R E A D  ---------------

Current thread (0x0000000015789800):  JavaThread "C2 CompilerThread0" daemon [_thread_in_native, id=3608, stack(0x00000000167e0000,0x00000000168e0000)]

Stack: [0x00000000167e0000,0x00000000168e0000]
[error occurred during error reporting (printing stack bounds), id 0xc0000005]

Native frames: (J=compiled Java code, j=interpreted, Vv=VM code, C=native code)


Current CompileTask:
C2:3836477 27547       4       com.android.tools.r8.dex.FileWriter::collect (214 bytes)


---------------  P R O C E S S  ---------------

Java Threads: ( => current thread )
  0x000000001fedc000 JavaThread "ForkJoinPool-118-worker-14" daemon [_thread_blocked, id=3520, stack(0x000000001ab60000,0x000000001ac60000)]
  0x000000001fee5000 JavaThread "ForkJoinPool-118-worker-12" daemon [_thread_in_Java, id=3488, stack(0x0000000026e60000,0x0000000026f60000)]
  0x000000001fee0800 JavaThread "ForkJoinPool-118-worker-10" daemon [_thread_blocked, id=1216, stack(0x0000000026f60000,0x0000000027060000)]
  0x000000001fee6000 JavaThread "ForkJoinPool-118-worker-5" daemon [_thread_blocked, id=3824, stack(0x0000000027160000,0x0000000027260000)]
  0x000000001fee3000 JavaThread "ForkJoinPool-118-worker-7" daemon [_thread_blocked, id=2144, stack(0x0000000027060000,0x0000000027160000)]
  0x000000001fee3800 JavaThread "ForkJoinPool-118-worker-3" daemon [_thread_blocked, id=3724, stack(0x0000000026d60000,0x0000000026e60000)]
  0x000000001fee1800 JavaThread "ForkJoinPool-118-worker-2" daemon [_thread_blocked, id=2864, stack(0x0000000026c60000,0x0000000026d60000)]
  0x000000001fee0000 JavaThread "ForkJoinPool-118-worker-0" daemon [_thread_blocked, id=4040, stack(0x0000000026b60000,0x0000000026c60000)]
  0x000000001fede800 JavaThread "ForkJoinPool-118-worker-1" daemon [_thread_blocked, id=1656, stack(0x00000000263e0000,0x00000000264e0000)]
  0x000000001fedf000 JavaThread "ForkJoinPool-117-worker-0" daemon [_thread_blocked, id=2220, stack(0x00000000266e0000,0x00000000267e0000)]
  0x000000001fedb800 JavaThread "Cache worker for Java compile cache (C:\Users\curacao\OneDrive - UNADECA\Progra III\Restauranteenlinea\.gradle\4.6\javaCompile)" [_thread_blocked, id=732, stack(0x00000000260e0000,0x00000000261e0000)]
  0x000000001feda000 JavaThread "stdout" [_thread_in_native, id=3712, stack(0x0000000025fe0000,0x00000000260e0000)]
  0x000000001fed9000 JavaThread "stderr" [_thread_in_native, id=1680, stack(0x0000000025ee0000,0x0000000025fe0000)]
  0x0000000019efe000 JavaThread "pool-32-thread-1" [_thread_blocked, id=4020, stack(0x0000000025de0000,0x0000000025ee0000)]
  0x0000000019efd000 JavaThread "Task worker for ':'" [_thread_blocked, id=2544, stack(0x0000000025ce0000,0x0000000025de0000)]
  0x0000000019efc800 JavaThread "Cache worker for Build Output Cleanup Cache (C:\Users\curacao\OneDrive - UNADECA\Progra III\Restauranteenlinea\.gradle\buildOutputCleanup)" [_thread_blocked, id=3672, stack(0x0000000024410000,0x0000000024510000)]
  0x0000000019ef8800 JavaThread "Cache worker for task history cache (C:\Users\curacao\OneDrive - UNADECA\Progra III\Restauranteenlinea\.gradle\4.6\taskHistory)" [_thread_blocked, id=3688, stack(0x0000000023d10000,0x0000000023e10000)]
  0x0000000019ef9800 JavaThread "Cache worker for file content cache (C:\Users\curacao\OneDrive - UNADECA\Progra III\Restauranteenlinea\.gradle\4.6\fileContent)" [_thread_blocked, id=2132, stack(0x0000000022840000,0x0000000022940000)]
  0x000000001b5b1000 JavaThread "Build operations Thread 2" [_thread_blocked, id=3704, stack(0x0000000022140000,0x0000000022240000)]
  0x000000001b5b0800 JavaThread "Build operations" [_thread_blocked, id=1008, stack(0x0000000021980000,0x0000000021a80000)]
  0x000000001b5ac000 JavaThread "Cache worker for Artifact transforms cache (C:\Users\curacao\.gradle\caches\transforms-1)" [_thread_blocked, id=2208, stack(0x0000000020b40000,0x0000000020c40000)]
  0x000000001b5ab000 JavaThread "Cache worker for file hash cache (C:\Users\curacao\OneDrive - UNADECA\Progra III\Restauranteenlinea\.gradle\4.6\fileHashes)" [_thread_blocked, id=3832, stack(0x000000001d400000,0x000000001d500000)]
  0x000000001b5a7800 JavaThread "Asynchronous log dispatcher for DefaultDaemonConnection: socket connection from /127.0.0.1:49234 to /127.0.0.1:49535" [_thread_blocked, id=1728, stack(0x0000000019590000,0x0000000019690000)]
  0x000000001b5a2000 JavaThread "Daemon worker Thread 12" [_thread_blocked, id=3012, stack(0x0000000019490000,0x0000000019590000)]
  0x000000001b5a5000 JavaThread "Cancel handler" [_thread_blocked, id=2380, stack(0x0000000019390000,0x0000000019490000)]
  0x000000001b5a4800 JavaThread "Handler for socket connection from /127.0.0.1:49234 to /127.0.0.1:49535" [_thread_in_native, id=2964, stack(0x0000000019090000,0x0000000019190000)]
  0x000000001b5a3800 JavaThread "Daemon Thread 12" [_thread_blocked, id=2340, stack(0x0000000018f90000,0x0000000019090000)]
  0x000000001b5aa800 JavaThread "pool-19-thread-1" [_thread_blocked, id=1876, stack(0x0000000021640000,0x0000000021740000)]
  0x0000000019efe800 JavaThread "pool-1-thread-1" [_thread_blocked, id=3840, stack(0x0000000019690000,0x0000000019790000)]
  0x0000000019efa000 JavaThread "Memory manager" [_thread_blocked, id=2392, stack(0x000000001e400000,0x000000001e500000)]
  0x0000000017f1d000 JavaThread "File lock request listener" [_thread_in_native, id=2032, stack(0x0000000019a90000,0x0000000019b90000)]
  0x00000000181c7000 JavaThread "Cache worker for file hash cache (C:\Users\curacao\.gradle\caches\4.6\fileHashes)" [_thread_blocked, id=2588, stack(0x0000000019990000,0x0000000019a90000)]
  0x000000001802a800 JavaThread "Daemon periodic checks" [_thread_blocked, id=1392, stack(0x0000000018e90000,0x0000000018f90000)]
  0x0000000017ee5800 JavaThread "Incoming local TCP Connector on port 49234" [_thread_in_native, id=3340, stack(0x0000000018c90000,0x0000000018d90000)]
  0x0000000015805000 JavaThread "Service Thread" daemon [_thread_blocked, id=1184, stack(0x00000000169e0000,0x0000000016ae0000)]
  0x0000000015790800 JavaThread "C1 CompilerThread1" daemon [_thread_blocked, id=1092, stack(0x00000000168e0000,0x00000000169e0000)]
=>0x0000000015789800 JavaThread "C2 CompilerThread0" daemon [_thread_in_native, id=3608, stack(0x00000000167e0000,0x00000000168e0000)]
  0x0000000015788000 JavaThread "Attach Listener" daemon [_thread_blocked, id=1224, stack(0x00000000166e0000,0x00000000167e0000)]
  0x0000000015783000 JavaThread "Signal Dispatcher" daemon [_thread_blocked, id=2844, stack(0x00000000165e0000,0x00000000166e0000)]
  0x0000000015776800 JavaThread "Finalizer" daemon [_thread_blocked, id=612, stack(0x00000000163e0000,0x00000000164e0000)]
  0x000000000204d800 JavaThread "Reference Handler" daemon [_thread_blocked, id=2640, stack(0x00000000162e0000,0x00000000163e0000)]
  0x0000000001e5e000 JavaThread "main" [_thread_blocked, id=3864, stack(0x0000000001e60000,0x0000000001f60000)]

Other Threads:
  0x0000000015754000 VMThread [stack: 0x00000000161e0000,0x00000000162e0000] [id=3364]
  0x00000000157fd000 WatcherThread [stack: 0x0000000016ae0000,0x0000000016be0000] [id=2484]

VM state:not at safepoint (normal execution)

VM Mutex/Monitor currently owned by a thread: None

Heap:
 PSYoungGen      total 452096K, used 270874K [0x00000000e0000000, 0x0000000100000000, 0x0000000100000000)
  eden space 406528K, 55% used [0x00000000e0000000,0x00000000edc07b70,0x00000000f8d00000)
  from space 45568K, 99% used [0x00000000fd380000,0x00000000fffff048,0x0000000100000000)
  to   space 58880K, 0% used [0x00000000f8d00000,0x00000000f8d00000,0x00000000fc680000)
 ParOldGen       total 189952K, used 160582K [0x00000000a0000000, 0x00000000ab980000, 0x00000000e0000000)
  object space 189952K, 84% used [0x00000000a0000000,0x00000000a9cd1870,0x00000000ab980000)
 Metaspace       used 113952K, capacity 121730K, committed 121984K, reserved 1155072K
  class space    used 14309K, capacity 15979K, committed 16000K, reserved 1048576K

Card table byte_map: [0x0000000011420000,0x0000000011730000] byte_map_base: 0x0000000010f20000

Marking Bits: (ParMarkBitMap*) 0x000000005be65aa0
 Begin Bits: [0x0000000011b30000, 0x0000000013330000)
 End Bits:   [0x0000000013330000, 0x0000000014b30000)

Polling page: 0x00000000005d0000

CodeCache: size=245760Kb used=73311Kb max_used=73311Kb free=172448Kb
 bounds [0x0000000002060000, 0x0000000006870000, 0x0000000011060000]
 total_blobs=22057 nmethods=21188 adapters=780
 compilation: enabled

Compilation events (10 events):
Event: 3834.712 Thread 0x0000000015790800 27601       2       com.android.tools.r8.code.LongToInt::write (7 bytes)
Event: 3834.712 Thread 0x0000000015790800 nmethod 27601 0x00000000068525d0 code [0x0000000006852740, 0x00000000068528e8]
Event: 3834.755 Thread 0x0000000015790800 27602       2       com.android.tools.r8.graph.DexValue$DexValueEnum::writeTo (7 bytes)
Event: 3834.755 Thread 0x0000000015790800 nmethod 27602 0x0000000006852250 code [0x00000000068523c0, 0x0000000006852528]
Event: 3834.782 Thread 0x0000000015790800 27603       2       com.android.tools.r8.graph.DexValue$DexValueLong::writeTo (13 bytes)
Event: 3834.783 Thread 0x0000000015790800 nmethod 27603 0x0000000006851ed0 code [0x0000000006852040, 0x00000000068521c8]
Event: 3834.784 Thread 0x0000000015790800 27604       2       com.android.tools.r8.graph.DexValue$DexValueBoolean::writeTo (19 bytes)
Event: 3834.785 Thread 0x0000000015790800 nmethod 27604 0x0000000006851a10 code [0x0000000006851b80, 0x0000000006851d58]
Event: 3834.785 Thread 0x0000000015790800 27605       2       com.android.tools.r8.utils.EncodedValueUtils::putBitsFromRightZeroExtended (87 bytes)
Event: 3834.786 Thread 0x0000000015790800 nmethod 27605 0x00000000068513d0 code [0x0000000006851560, 0x0000000006851808]

GC Heap History (10 events):
Event: 3431.004 GC heap before
{Heap before GC invocations=36 (full 4):
 PSYoungGen      total 426496K, used 394147K [0x00000000e0000000, 0x0000000100000000, 0x0000000100000000)
  eden space 371200K, 100% used [0x00000000e0000000,0x00000000f6a80000,0x00000000f6a80000)
  from space 55296K, 41% used [0x00000000f6a80000,0x00000000f80e8e00,0x00000000fa080000)
  to   space 52736K, 0% used [0x00000000fcc80000,0x00000000fcc80000,0x0000000100000000)
 ParOldGen       total 189952K, used 132413K [0x00000000a0000000, 0x00000000ab980000, 0x00000000e0000000)
  object space 189952K, 69% used [0x00000000a0000000,0x00000000a814f6c0,0x00000000ab980000)
 Metaspace       used 111401K, capacity 118576K, committed 118912K, reserved 1153024K
  class space    used 14104K, capacity 15649K, committed 15744K, reserved 1048576K
Event: 3431.162 GC heap after
Heap after GC invocations=36 (full 4):
 PSYoungGen      total 463360K, used 12292K [0x00000000e0000000, 0x00000000ffa80000, 0x0000000100000000)
  eden space 416256K, 0% used [0x00000000e0000000,0x00000000e0000000,0x00000000f9680000)
  from space 47104K, 26% used [0x00000000fcc80000,0x00000000fd8812d8,0x00000000ffa80000)
  to   space 51200K, 0% used [0x00000000f9680000,0x00000000f9680000,0x00000000fc880000)
 ParOldGen       total 189952K, used 142867K [0x00000000a0000000, 0x00000000ab980000, 0x00000000e0000000)
  object space 189952K, 75% used [0x00000000a0000000,0x00000000a8b84c00,0x00000000ab980000)
 Metaspace       used 111401K, capacity 118576K, committed 118912K, reserved 1153024K
  class space    used 14104K, capacity 15649K, committed 15744K, reserved 1048576K
}
Event: 3713.228 GC heap before
{Heap before GC invocations=37 (full 4):
 PSYoungGen      total 463360K, used 428548K [0x00000000e0000000, 0x00000000ffa80000, 0x0000000100000000)
  eden space 416256K, 100% used [0x00000000e0000000,0x00000000f9680000,0x00000000f9680000)
  from space 47104K, 26% used [0x00000000fcc80000,0x00000000fd8812d8,0x00000000ffa80000)
  to   space 51200K, 0% used [0x00000000f9680000,0x00000000f9680000,0x00000000fc880000)
 ParOldGen       total 189952K, used 142867K [0x00000000a0000000, 0x00000000ab980000, 0x00000000e0000000)
  object space 189952K, 75% used [0x00000000a0000000,0x00000000a8b84c00,0x00000000ab980000)
 Metaspace       used 112165K, capacity 119712K, committed 119808K, reserved 1153024K
  class space    used 14173K, capacity 15810K, committed 15872K, reserved 1048576K
Event: 3713.283 GC heap after
Heap after GC invocations=37 (full 4):
 PSYoungGen      total 467456K, used 12276K [0x00000000e0000000, 0x0000000100000000, 0x0000000100000000)
  eden space 416256K, 0% used [0x00000000e0000000,0x00000000e0000000,0x00000000f9680000)
  from space 51200K, 23% used [0x00000000f9680000,0x00000000fa27d2c8,0x00000000fc880000)
  to   space 49152K, 0% used [0x00000000fd000000,0x00000000fd000000,0x0000000100000000)
 ParOldGen       total 189952K, used 142875K [0x00000000a0000000, 0x00000000ab980000, 0x00000000e0000000)
  object space 189952K, 75% used [0x00000000a0000000,0x00000000a8b86c00,0x00000000ab980000)
 Metaspace       used 112165K, capacity 119712K, committed 119808K, reserved 1153024K
  class space    used 14173K, capacity 15810K, committed 15872K, reserved 1048576K
}
Event: 3765.021 GC heap before
{Heap before GC invocations=38 (full 4):
 PSYoungGen      total 467456K, used 428532K [0x00000000e0000000, 0x0000000100000000, 0x0000000100000000)
  eden space 416256K, 100% used [0x00000000e0000000,0x00000000f9680000,0x00000000f9680000)
  from space 51200K, 23% used [0x00000000f9680000,0x00000000fa27d2c8,0x00000000fc880000)
  to   space 49152K, 0% used [0x00000000fd000000,0x00000000fd000000,0x0000000100000000)
 ParOldGen       total 189952K, used 142875K [0x00000000a0000000, 0x00000000ab980000, 0x00000000e0000000)
  object space 189952K, 75% used [0x00000000a0000000,0x00000000a8b86c00,0x00000000ab980000)
 Metaspace       used 112370K, capacity 120038K, committed 120320K, reserved 1153024K
  class space    used 14175K, capacity 15811K, committed 15872K, reserved 1048576K
Event: 3765.118 GC heap after
Heap after GC invocations=38 (full 4):
 PSYoungGen      total 465920K, used 20212K [0x00000000e0000000, 0x00000000ff900000, 0x0000000100000000)
  eden space 423936K, 0% used [0x00000000e0000000,0x00000000e0000000,0x00000000f9e00000)
  from space 41984K, 48% used [0x00000000fd000000,0x00000000fe3bd328,0x00000000ff900000)
  to   space 46592K, 0% used [0x00000000f9e00000,0x00000000f9e00000,0x00000000fcb80000)
 ParOldGen       total 189952K, used 142883K [0x00000000a0000000, 0x00000000ab980000, 0x00000000e0000000)
  object space 189952K, 75% used [0x00000000a0000000,0x00000000a8b88c00,0x00000000ab980000)
 Metaspace       used 112370K, capacity 120038K, committed 120320K, reserved 1153024K
  class space    used 14175K, capacity 15811K, committed 15872K, reserved 1048576K
}
Event: 3786.933 GC heap before
{Heap before GC invocations=39 (full 4):
 PSYoungGen      total 465920K, used 444148K [0x00000000e0000000, 0x00000000ff900000, 0x0000000100000000)
  eden space 423936K, 100% used [0x00000000e0000000,0x00000000f9e00000,0x00000000f9e00000)
  from space 41984K, 48% used [0x00000000fd000000,0x00000000fe3bd328,0x00000000ff900000)
  to   space 46592K, 0% used [0x00000000f9e00000,0x00000000f9e00000,0x00000000fcb80000)
 ParOldGen       total 189952K, used 142883K [0x00000000a0000000, 0x00000000ab980000, 0x00000000e0000000)
  object space 189952K, 75% used [0x00000000a0000000,0x00000000a8b88c00,0x00000000ab980000)
 Metaspace       used 112468K, capacity 120118K, committed 120320K, reserved 1153024K
  class space    used 14183K, capacity 15823K, committed 15872K, reserved 1048576K
Event: 3787.026 GC heap after
Heap after GC invocations=39 (full 4):
 PSYoungGen      total 470528K, used 23236K [0x00000000e0000000, 0x0000000100000000, 0x0000000100000000)
  eden space 423936K, 0% used [0x00000000e0000000,0x00000000e0000000,0x00000000f9e00000)
  from space 46592K, 49% used [0x00000000f9e00000,0x00000000fb4b12d8,0x00000000fcb80000)
  to   space 45568K, 0% used [0x00000000fd380000,0x00000000fd380000,0x0000000100000000)
 ParOldGen       total 189952K, used 142883K [0x00000000a0000000, 0x00000000ab980000, 0x00000000e0000000)
  object space 189952K, 75% used [0x00000000a0000000,0x00000000a8b88c00,0x00000000ab980000)
 Metaspace       used 112468K, capacity 120118K, committed 120320K, reserved 1153024K
  class space    used 14183K, capacity 15823K, committed 15872K, reserved 1048576K
}
Event: 3828.444 GC heap before
{Heap before GC invocations=40 (full 4):
 PSYoungGen      total 470528K, used 447172K [0x00000000e0000000, 0x0000000100000000, 0x0000000100000000)
  eden space 423936K, 100% used [0x00000000e0000000,0x00000000f9e00000,0x00000000f9e00000)
  from space 46592K, 49% used [0x00000000f9e00000,0x00000000fb4b12d8,0x00000000fcb80000)
  to   space 45568K, 0% used [0x00000000fd380000,0x00000000fd380000,0x0000000100000000)
 ParOldGen       total 189952K, used 142883K [0x00000000a0000000, 0x00000000ab980000, 0x00000000e0000000)
  object space 189952K, 75% used [0x00000000a0000000,0x00000000a8b88c00,0x00000000ab980000)
 Metaspace       used 113920K, capacity 121656K, committed 121728K, reserved 1155072K
  class space    used 14308K, capacity 15978K, committed 16000K, reserved 1048576K
Event: 3828.843 GC heap after
Heap after GC invocations=40 (full 4):
 PSYoungGen      total 452096K, used 45564K [0x00000000e0000000, 0x0000000100000000, 0x0000000100000000)
  eden space 406528K, 0% used [0x00000000e0000000,0x00000000e0000000,0x00000000f8d00000)
  from space 45568K, 99% used [0x00000000fd380000,0x00000000fffff048,0x0000000100000000)
  to   space 58880K, 0% used [0x00000000f8d00000,0x00000000f8d00000,0x00000000fc680000)
 ParOldGen       total 189952K, used 160582K [0x00000000a0000000, 0x00000000ab980000, 0x00000000e0000000)
  object space 189952K, 84% used [0x00000000a0000000,0x00000000a9cd1870,0x00000000ab980000)
 Metaspace       used 113920K, capacity 121656K, committed 121728K, reserved 1155072K
  class space    used 14308K, capacity 15978K, committed 16000K, reserved 1048576K
}

Deoptimization events (10 events):
Event: 3822.797 Thread 0x000000001fedc000 Uncommon trap: reason=unstable_if action=reinterpret pc=0x00000000055c29cc method=com.android.tools.r8.ir.optimize.MoveEliminator.shouldBeEliminated(Lcom/android/tools/r8/ir/code/Instruction;)Z @ 205
Event: 3822.806 Thread 0x000000001fedc000 Uncommon trap: reason=bimorphic action=maybe_recompile pc=0x00000000066492fc method=com.android.tools.r8.ir.analysis.constant.SparseConditionalConstantPropagation.visitInstruction(Lcom/android/tools/r8/ir/code/Instruction;)V @ 40
Event: 3822.839 Thread 0x000000001fede800 Uncommon trap: reason=bimorphic action=maybe_recompile pc=0x00000000066492fc method=com.android.tools.r8.ir.analysis.constant.SparseConditionalConstantPropagation.visitInstruction(Lcom/android/tools/r8/ir/code/Instruction;)V @ 40
Event: 3822.850 Thread 0x000000001fede800 Uncommon trap: reason=unstable_if action=reinterpret pc=0x00000000067a6f28 method=com.android.tools.r8.ir.regalloc.LinearScanRegisterAllocator.allocateSingleInterval(Lcom/android/tools/r8/ir/regalloc/LiveIntervals;Lcom/android/tools/r8/ir/regalloc/LinearS
Event: 3823.615 Thread 0x000000001fedc000 Uncommon trap: reason=unstable_if action=reinterpret pc=0x00000000055eaaa0 method=com.android.tools.r8.ir.conversion.JarState.mergeLocals([Lcom/android/tools/r8/ir/conversion/JarState$Local;[Lcom/android/tools/r8/ir/conversion/JarState$Local;)[Lcom/androi
Event: 3829.282 Thread 0x000000001fedc000 Uncommon trap: reason=array_check action=maybe_recompile pc=0x0000000003fa3020 method=java.util.TimSort.mergeLo(IIII)V @ 468
Event: 3829.282 Thread 0x000000001fedc000 Uncommon trap: reason=array_check action=maybe_recompile pc=0x0000000004c4d0b4 method=java.util.TimSort.mergeHi(IIII)V @ 419
Event: 3829.282 Thread 0x000000001fedc000 Uncommon trap: reason=array_check action=maybe_recompile pc=0x0000000003fa3020 method=java.util.TimSort.mergeLo(IIII)V @ 468
Event: 3829.301 Thread 0x000000001fedc000 Uncommon trap: reason=array_check action=maybe_recompile pc=0x0000000004f69b70 method=java.util.TimSort.mergeLo(IIII)V @ 590
Event: 3830.759 Thread 0x000000001fede800 Uncommon trap: reason=unstable_if action=reinterpret pc=0x0000000002a36810 method=java.util.concurrent.ForkJoinPool.tryCompensate(Ljava/util/concurrent/ForkJoinPool$WorkQueue;)Z @ 113

Classes redefined (0 events):
No events

Internal exceptions (10 events):
Event: 3833.094 Thread 0x000000001fee0800 Exception <a 'sun/nio/fs/WindowsException'> (0x00000000e49e2880) thrown at [D:\src\AOSP-openjdk-cygwin\jdk8u\hotspot\src\share\vm\prims\jni.cpp, line 709]
Event: 3833.097 Thread 0x000000001fedc000 Exception <a 'sun/nio/fs/WindowsException'> (0x00000000e8cc24f0) thrown at [D:\src\AOSP-openjdk-cygwin\jdk8u\hotspot\src\share\vm\prims\jni.cpp, line 709]
Event: 3833.121 Thread 0x000000001fee3800 Exception <a 'sun/nio/fs/WindowsException'> (0x00000000e4c85650) thrown at [D:\src\AOSP-openjdk-cygwin\jdk8u\hotspot\src\share\vm\prims\jni.cpp, line 709]
Event: 3833.132 Thread 0x000000001fedc000 Exception <a 'sun/nio/fs/WindowsException'> (0x00000000e8cdc528) thrown at [D:\src\AOSP-openjdk-cygwin\jdk8u\hotspot\src\share\vm\prims\jni.cpp, line 709]
Event: 3833.152 Thread 0x000000001fedc000 Exception <a 'sun/nio/fs/WindowsException'> (0x00000000e8ce8a30) thrown at [D:\src\AOSP-openjdk-cygwin\jdk8u\hotspot\src\share\vm\prims\jni.cpp, line 709]
Event: 3833.377 Thread 0x000000001fee5000 Exception <a 'sun/nio/fs/WindowsException'> (0x00000000e5f73ad0) thrown at [D:\src\AOSP-openjdk-cygwin\jdk8u\hotspot\src\share\vm\prims\jni.cpp, line 709]
Event: 3833.576 Thread 0x000000001fede800 Exception <a 'sun/nio/fs/WindowsException'> (0x00000000e8fd82f0) thrown at [D:\src\AOSP-openjdk-cygwin\jdk8u\hotspot\src\share\vm\prims\jni.cpp, line 709]
Event: 3833.588 Thread 0x000000001fedc000 Exception <a 'sun/nio/fs/WindowsException'> (0x00000000e9096568) thrown at [D:\src\AOSP-openjdk-cygwin\jdk8u\hotspot\src\share\vm\prims\jni.cpp, line 709]
Event: 3833.591 Thread 0x000000001fee6000 Exception <a 'sun/nio/fs/WindowsException'> (0x00000000e6bca208) thrown at [D:\src\AOSP-openjdk-cygwin\jdk8u\hotspot\src\share\vm\prims\jni.cpp, line 709]
Event: 3833.596 Thread 0x000000001fee5000 Exception <a 'sun/nio/fs/WindowsException'> (0x00000000e916cd40) thrown at [D:\src\AOSP-openjdk-cygwin\jdk8u\hotspot\src\share\vm\prims\jni.cpp, line 709]

Events (10 events):
Event: 3834.342 Thread 0x000000001fee5000 DEOPT PACKING pc=0x0000000004d14716 sp=0x0000000026f5f2e0
Event: 3834.342 Thread 0x000000001fee5000 DEOPT UNPACKING pc=0x00000000020a71d0 sp=0x0000000026f5f108 mode 0
Event: 3834.358 Thread 0x000000001fee5000 DEOPT PACKING pc=0x0000000004d3dc03 sp=0x0000000026f5f220
Event: 3834.358 Thread 0x000000001fee5000 DEOPT UNPACKING pc=0x00000000020a71d0 sp=0x0000000026f5efe8 mode 0
Event: 3834.362 Thread 0x000000001fee5000 DEOPT PACKING pc=0x0000000006809ed6 sp=0x0000000026f5f1b0
Event: 3834.362 Thread 0x000000001fee5000 DEOPT UNPACKING pc=0x00000000020a71d0 sp=0x0000000026f5efe8 mode 0
Event: 3834.370 Thread 0x000000001fee5000 DEOPT PACKING pc=0x0000000006809ed6 sp=0x0000000026f5f1b0
Event: 3834.370 Thread 0x000000001fee5000 DEOPT UNPACKING pc=0x00000000020a71d0 sp=0x0000000026f5efe8 mode 0
Event: 3834.566 Thread 0x000000001fee5000 DEOPT PACKING pc=0x0000000004603939 sp=0x0000000026f5ee80
Event: 3834.566 Thread 0x000000001fee5000 DEOPT UNPACKING pc=0x00000000020a71d0 sp=0x0000000026f5ebe0 mode 0


Dynamic libraries:
0x00007ff758fc0000 - 0x00007ff758ff1000 	C:\Program Files\Android\Android Studio\jre\bin\java.exe
0x00007ffdaf7c0000 - 0x00007ffdaf96d000 	C:\Windows\SYSTEM32\ntdll.dll
0x00007ffdaf490000 - 0x00007ffdaf5ce000 	C:\Windows\system32\KERNEL32.DLL
0x00007ffdacd20000 - 0x00007ffdace36000 	C:\Windows\system32\KERNELBASE.dll
0x00007ffdaf330000 - 0x00007ffdaf3da000 	C:\Windows\system32\ADVAPI32.dll
0x00007ffdaf5d0000 - 0x00007ffdaf747000 	C:\Windows\system32\USER32.dll
0x00007ffda9ac0000 - 0x00007ffda9d3b000 	C:\Windows\WinSxS\amd64_microsoft.windows.common-controls_6595b64144ccf1df_6.0.9600.18006_none_623f33d3ecbe86e8\COMCTL32.dll
0x00007ffdaf3e0000 - 0x00007ffdaf48a000 	C:\Windows\system32\msvcrt.dll
0x00007ffdaf140000 - 0x00007ffdaf199000 	C:\Windows\SYSTEM32\sechost.dll
0x00007ffdaeea0000 - 0x00007ffdaefe0000 	C:\Windows\system32\RPCRT4.dll
0x00007ffdaf1a0000 - 0x00007ffdaf2ec000 	C:\Windows\system32\GDI32.dll
0x00007ffdacab0000 - 0x00007ffdacade000 	C:\Windows\system32\SspiCli.dll
0x00007ffdaf2f0000 - 0x00007ffdaf326000 	C:\Windows\system32\IMM32.DLL
0x00007ffdaefe0000 - 0x00007ffdaf131000 	C:\Windows\system32\MSCTF.dll
0x000000005b1b0000 - 0x000000005b282000 	C:\Program Files\Android\Android Studio\jre\jre\bin\msvcr100.dll
0x000000005b6a0000 - 0x000000005bee1000 	C:\Program Files\Android\Android Studio\jre\jre\bin\server\jvm.dll
0x00007ffd98150000 - 0x00007ffd98159000 	C:\Windows\SYSTEM32\WSOCK32.dll
0x00007ffda5480000 - 0x00007ffda54a2000 	C:\Windows\SYSTEM32\WINMM.dll
0x00007ffda5850000 - 0x00007ffda585a000 	C:\Windows\SYSTEM32\VERSION.dll
0x00007ffdacf20000 - 0x00007ffdacf27000 	C:\Windows\system32\PSAPI.DLL
0x00007ffdaeac0000 - 0x00007ffdaeb1a000 	C:\Windows\system32\WS2_32.dll
0x00007ffda5450000 - 0x00007ffda547a000 	C:\Windows\SYSTEM32\WINMMBASE.dll
0x00007ffdae8f0000 - 0x00007ffdae8f9000 	C:\Windows\system32\NSI.dll
0x00007ffdaca60000 - 0x00007ffdacaaf000 	C:\Windows\SYSTEM32\cfgmgr32.dll
0x00007ffdab6f0000 - 0x00007ffdab718000 	C:\Windows\SYSTEM32\DEVOBJ.dll
0x00007ffd98140000 - 0x00007ffd9814f000 	C:\Program Files\Android\Android Studio\jre\jre\bin\verify.dll
0x00007ffd97b40000 - 0x00007ffd97b69000 	C:\Program Files\Android\Android Studio\jre\jre\bin\java.dll
0x00007ffd95070000 - 0x00007ffd95086000 	C:\Program Files\Android\Android Studio\jre\jre\bin\zip.dll
0x00007ffdad280000 - 0x00007ffdae7ab000 	C:\Windows\system32\SHELL32.dll
0x00007ffdacf90000 - 0x00007ffdad1a2000 	C:\Windows\SYSTEM32\combase.dll
0x00007ffdacf30000 - 0x00007ffdacf84000 	C:\Windows\system32\SHLWAPI.dll
0x00007ffdaaae0000 - 0x00007ffdaab92000 	C:\Windows\SYSTEM32\SHCORE.dll
0x00007ffdac8e0000 - 0x00007ffdac8f5000 	C:\Windows\SYSTEM32\profapi.dll
0x00007ffd95050000 - 0x00007ffd9506a000 	C:\Program Files\Android\Android Studio\jre\jre\bin\net.dll
0x00007ffdac110000 - 0x00007ffdac169000 	C:\Windows\system32\mswsock.dll
0x00007ffd95030000 - 0x00007ffd95041000 	C:\Program Files\Android\Android Studio\jre\jre\bin\nio.dll
0x00007ffd98180000 - 0x00007ffd9819e000 	C:\Users\curacao\.gradle\native\25\windows-amd64\native-platform.dll
0x00007ffd96790000 - 0x00007ffd9679d000 	C:\Program Files\Android\Android Studio\jre\jre\bin\management.dll
0x00007ffdac170000 - 0x00007ffdac190000 	C:\Windows\SYSTEM32\CRYPTSP.dll
0x00007ffdabd90000 - 0x00007ffdabdc6000 	C:\Windows\system32\rsaenh.dll
0x00007ffdac3c0000 - 0x00007ffdac3e6000 	C:\Windows\SYSTEM32\bcrypt.dll
0x00007ffdabea0000 - 0x00007ffdabec1000 	C:\Windows\SYSTEM32\USERENV.dll
0x00007ffdac6e0000 - 0x00007ffdac743000 	C:\Windows\system32\bcryptprimitives.dll
0x00007ffdac850000 - 0x00007ffdac85b000 	C:\Windows\SYSTEM32\CRYPTBASE.dll
0x00007ffda9450000 - 0x00007ffda947a000 	C:\Windows\SYSTEM32\IPHLPAPI.DLL
0x00007ffda9480000 - 0x00007ffda948a000 	C:\Windows\SYSTEM32\WINNSI.DLL
0x00007ffda6f50000 - 0x00007ffda6f66000 	C:\Windows\SYSTEM32\dhcpcsvc6.DLL
0x00007ffda7080000 - 0x00007ffda709a000 	C:\Windows\SYSTEM32\dhcpcsvc.DLL
0x00007ffda5b50000 - 0x00007ffda5b82000 	C:\Windows\SYSTEM32\ntmarta.dll

VM Arguments:
jvm_args: -Xmx1536m -Dfile.encoding=windows-1252 -Duser.country=GT -Duser.language=es -Duser.variant 
java_command: org.gradle.launcher.daemon.bootstrap.GradleDaemon 4.6
java_class_path (initial): C:\Users\curacao\.gradle\wrapper\dists\gradle-4.6-all\bcst21l2brirad8k2ben1letg\gradle-4.6\lib\gradle-launcher-4.6.jar
Launcher Type: SUN_STANDARD

Environment Variables:
JAVA_HOME=C:\Users\curacao\Documents\programacion 3
PATH=C:\Program Files (x86)\Common Files\Oracle\Java\javapath;C:\Program Files (x86)\Intel\TXE Components\TCS\;C:\Program Files\Intel\TXE Components\TCS\;C:\Windows\system32;C:\Windows;C:\Windows\System32\Wbem;C:\Windows\System32\WindowsPowerShell\v1.0\;C:\Program Files\dotnet\;C:\Program Files\Git\cmd
USERNAME=curacao
OS=Windows_NT
PROCESSOR_IDENTIFIER=Intel64 Family 6 Model 55 Stepping 8, GenuineIntel



---------------  S Y S T E M  ---------------

OS: Windows 8.1 , 64 bit Build 9600 (6.3.9600.17415)

CPU:total 2 (initial active 2) (2 cores per cpu, 1 threads per core) family 6 model 55 stepping 8, cmov, cx8, fxsr, mmx, sse, sse2, sse3, ssse3, sse4.1, sse4.2, popcnt, clmul, erms, 3dnowpref, tsc, tscinvbit

Memory: 4k page, physical 4078472k(261436k free), swap 4078472k(7036k free)

vm_info: OpenJDK 64-Bit Server VM (25.152-b06) for windows-amd64 JRE (1.8.0_152-release-1136-b06), built by "builder" with MS VC++ 10.0 (VS2010)

time: Sun Mar 24 23:26:09 2019
elapsed time: 3834 seconds (0d 1h 3m 54s)

